0 info it worked if it ends with ok
1 verbose cli [ '/usr/bin/node', '/usr/bin/npm', 'i', 'serialport' ]
2 info using npm@1.4.21
3 info using node@v8.11.1
4 warn package.json COM-over-HTTP@1.0.0 No description
5 warn package.json COM-over-HTTP@1.0.0 No repository field.
6 verbose readDependencies using package.json deps
7 verbose cache add [ 'serialport@^9.0.0', null ]
8 verbose cache add name=undefined spec="serialport@^9.0.0" args=["serialport@^9.0.0",null]
9 verbose parsed url Url {
9 verbose parsed url   protocol: null,
9 verbose parsed url   slashes: null,
9 verbose parsed url   auth: null,
9 verbose parsed url   host: null,
9 verbose parsed url   port: null,
9 verbose parsed url   hostname: null,
9 verbose parsed url   hash: null,
9 verbose parsed url   search: null,
9 verbose parsed url   query: null,
9 verbose parsed url   pathname: 'serialport@%5E9.0.0',
9 verbose parsed url   path: 'serialport@%5E9.0.0',
9 verbose parsed url   href: 'serialport@%5E9.0.0' }
10 verbose cache add name="serialport" spec="^9.0.0" args=["serialport","^9.0.0"]
11 verbose parsed url Url {
11 verbose parsed url   protocol: null,
11 verbose parsed url   slashes: null,
11 verbose parsed url   auth: null,
11 verbose parsed url   host: null,
11 verbose parsed url   port: null,
11 verbose parsed url   hostname: null,
11 verbose parsed url   hash: null,
11 verbose parsed url   search: null,
11 verbose parsed url   query: null,
11 verbose parsed url   pathname: '%5E9.0.0',
11 verbose parsed url   path: '%5E9.0.0',
11 verbose parsed url   href: '%5E9.0.0' }
12 verbose addNamed [ 'serialport', '^9.0.0' ]
13 verbose addNamed [ null, '>=9.0.0 <10.0.0' ]
14 silly lockFile 3cfcfceb-serialport-9-0-0 serialport@^9.0.0
15 verbose lock serialport@^9.0.0 /home/pi/.npm/3cfcfceb-serialport-9-0-0.lock
16 silly addNameRange { name: 'serialport', range: '>=9.0.0 <10.0.0', hasData: false }
17 verbose request where is /serialport
18 verbose request registry https://registry.npmjs.org/
19 verbose request id af13f7298371b07d
20 verbose url raw /serialport
21 verbose url resolving [ 'https://registry.npmjs.org/', './serialport' ]
22 verbose url resolved https://registry.npmjs.org/serialport
23 verbose request where is https://registry.npmjs.org/serialport
24 info trying registry request attempt 1 at 16:57:31
25 verbose etag W/"1391503b1f7598806ff151593e33bc3e"
26 http GET https://registry.npmjs.org/serialport
27 http 304 https://registry.npmjs.org/serialport
28 silly registry.get cb [ 304,
28 silly registry.get   { date: 'Tue, 30 Jun 2020 16:57:32 GMT',
28 silly registry.get     connection: 'close',
28 silly registry.get     'set-cookie':
28 silly registry.get      [ '__cfduid=dcdbc590a5ddd076fbd6199b70c22fd3a1593536252; expires=Thu, 30-Jul-20 16:57:32 GMT; path=/; domain=.npmjs.org; HttpOnly; SameSite=Lax' ],
28 silly registry.get     'cf-ray': '5ab96d47ffffe4ee-LAX',
28 silly registry.get     age: '5877',
28 silly registry.get     'cache-control': 'public, max-age=300',
28 silly registry.get     etag: '"1391503b1f7598806ff151593e33bc3e"',
28 silly registry.get     'last-modified': 'Sun, 10 May 2020 05:23:10 GMT',
28 silly registry.get     vary: 'Accept-Encoding',
28 silly registry.get     'cf-cache-status': 'HIT',
28 silly registry.get     'cf-request-id': '03a7c2a0f80000e4ee8b877200000001',
28 silly registry.get     'expect-ct': 'max-age=604800, report-uri="https://report-uri.cloudflare.com/cdn-cgi/beacon/expect-ct"',
28 silly registry.get     server: 'cloudflare' } ]
29 verbose etag https://registry.npmjs.org/serialport from cache
30 silly addNameRange number 2 { name: 'serialport', range: '>=9.0.0 <10.0.0', hasData: true }
31 silly addNameRange versions [ 'serialport',
31 silly addNameRange   [ '0.1.0',
31 silly addNameRange     '0.1.1',
31 silly addNameRange     '0.1.3',
31 silly addNameRange     '0.2.0',
31 silly addNameRange     '0.2.2',
31 silly addNameRange     '0.2.3',
31 silly addNameRange     '0.2.4',
31 silly addNameRange     '0.2.5',
31 silly addNameRange     '0.2.6',
31 silly addNameRange     '0.2.7',
31 silly addNameRange     '0.2.8',
31 silly addNameRange     '0.2.9',
31 silly addNameRange     '0.3.0',
31 silly addNameRange     '0.6.0',
31 silly addNameRange     '0.6.1',
31 silly addNameRange     '0.6.2',
31 silly addNameRange     '0.6.3',
31 silly addNameRange     '0.6.5',
31 silly addNameRange     '0.6.6',
31 silly addNameRange     '0.6.7',
31 silly addNameRange     '0.7.0',
31 silly addNameRange     '0.7.1',
31 silly addNameRange     '0.7.2',
31 silly addNameRange     '0.7.3',
31 silly addNameRange     '0.7.4',
31 silly addNameRange     '0.7.5',
31 silly addNameRange     '1.0.0',
31 silly addNameRange     '1.0.1',
31 silly addNameRange     '1.0.2',
31 silly addNameRange     '1.0.3',
31 silly addNameRange     '1.0.4',
31 silly addNameRange     '1.0.5',
31 silly addNameRange     '1.0.6',
31 silly addNameRange     '1.0.7',
31 silly addNameRange     '1.0.8',
31 silly addNameRange     '1.1.0',
31 silly addNameRange     '1.1.1',
31 silly addNameRange     '1.1.3',
31 silly addNameRange     '1.2.0',
31 silly addNameRange     '1.2.1',
31 silly addNameRange     '1.2.2',
31 silly addNameRange     '1.2.3',
31 silly addNameRange     '1.2.4',
31 silly addNameRange     '1.2.5',
31 silly addNameRange     '1.3.0',
31 silly addNameRange     '1.3.1',
31 silly addNameRange     '1.4.0',
31 silly addNameRange     '1.4.1',
31 silly addNameRange     '1.4.2',
31 silly addNameRange     '1.4.5',
31 silly addNameRange     '1.4.6',
31 silly addNameRange     '1.4.8',
31 silly addNameRange     '1.4.9',
31 silly addNameRange     '1.4.10',
31 silly addNameRange     '1.5.0',
31 silly addNameRange     '1.6.1',
31 silly addNameRange     '1.6.2',
31 silly addNameRange     '1.6.3',
31 silly addNameRange     '1.7.0',
31 silly addNameRange     '1.7.1',
31 silly addNameRange     '1.7.3',
31 silly addNameRange     '1.7.4',
31 silly addNameRange     '2.0.0',
31 silly addNameRange     '2.0.1',
31 silly addNameRange     '2.0.2',
31 silly addNameRange     '2.0.3',
31 silly addNameRange     '2.0.4',
31 silly addNameRange     '2.0.5',
31 silly addNameRange     '2.0.6',
31 silly addNameRange     '2.0.7-beta1',
31 silly addNameRange     '2.0.7-beta2',
31 silly addNameRange     '2.0.7-beta3',
31 silly addNameRange     '2.0.7-beta4',
31 silly addNameRange     '2.0.7-beta5',
31 silly addNameRange     '2.1.0',
31 silly addNameRange     '2.1.1',
31 silly addNameRange     '2.1.2',
31 silly addNameRange     '3.0.0',
31 silly addNameRange     '3.0.1',
31 silly addNameRange     '3.1.0',
31 silly addNameRange     '3.1.1',
31 silly addNameRange     '3.1.2-beta1',
31 silly addNameRange     '3.1.2-beta2',
31 silly addNameRange     '3.1.2-beta3',
31 silly addNameRange     '3.1.2-beta5',
31 silly addNameRange     '3.1.2-beta6',
31 silly addNameRange     '3.1.2-beta7',
31 silly addNameRange     '3.1.2',
31 silly addNameRange     '3.2.0-beta1',
31 silly addNameRange     '4.0.0-beta1',
31 silly addNameRange     '4.0.0-beta2',
31 silly addNameRange     '4.0.0-beta3',
31 silly addNameRange     '4.0.0-beta4',
31 silly addNameRange     '4.0.0-rc1',
31 silly addNameRange     '4.0.0',
31 silly addNameRange     '4.0.1',
31 silly addNameRange     '5.0.0-beta1',
31 silly addNameRange     '4.0.2',
31 silly addNameRange     '4.0.3',
31 silly addNameRange     '5.0.0-beta2',
31 silly addNameRange     ... 47 more items ] ]
32 verbose addNamed [ 'serialport', '9.0.0' ]
33 verbose addNamed [ '9.0.0', '9.0.0' ]
34 silly lockFile ab9b8c92-serialport-9-0-0 serialport@9.0.0
35 verbose lock serialport@9.0.0 /home/pi/.npm/ab9b8c92-serialport-9-0-0.lock
36 silly lockFile ab9b8c92-serialport-9-0-0 serialport@9.0.0
37 silly lockFile ab9b8c92-serialport-9-0-0 serialport@9.0.0
38 silly lockFile 3cfcfceb-serialport-9-0-0 serialport@^9.0.0
39 silly lockFile 3cfcfceb-serialport-9-0-0 serialport@^9.0.0
40 silly resolved [ { name: 'serialport',
40 silly resolved     version: '9.0.0',
40 silly resolved     description: 'Node.js package to access serial ports. Linux, OSX and Windows. Welcome your robotic JavaScript overlords. Better yet, program them!',
40 silly resolved     main: 'lib',
40 silly resolved     repository:
40 silly resolved      { type: 'git',
40 silly resolved        url: 'git://github.com/serialport/node-serialport.git' },
40 silly resolved     keywords:
40 silly resolved      [ 'ccTalk',
40 silly resolved        'com port',
40 silly resolved        'data logging',
40 silly resolved        'hardware',
40 silly resolved        'iot',
40 silly resolved        'johnny-five',
40 silly resolved        'modem',
40 silly resolved        'nodebots',
40 silly resolved        'RFID',
40 silly resolved        'robotics',
40 silly resolved        'sensor',
40 silly resolved        'serial port',
40 silly resolved        'serial',
40 silly resolved        'serialport',
40 silly resolved        'sms gateway',
40 silly resolved        'sms',
40 silly resolved        'stream',
40 silly resolved        'tty',
40 silly resolved        'UART' ],
40 silly resolved     maintainers: [ [Object], [Object], [Object] ],
40 silly resolved     dependencies:
40 silly resolved      { '@serialport/binding-mock': '^9.0.0',
40 silly resolved        '@serialport/bindings': '^9.0.0',
40 silly resolved        '@serialport/parser-byte-length': '^9.0.0',
40 silly resolved        '@serialport/parser-cctalk': '^9.0.0',
40 silly resolved        '@serialport/parser-delimiter': '^9.0.0',
40 silly resolved        '@serialport/parser-readline': '^9.0.0',
40 silly resolved        '@serialport/parser-ready': '^9.0.0',
40 silly resolved        '@serialport/parser-regex': '^9.0.0',
40 silly resolved        '@serialport/stream': '^9.0.0',
40 silly resolved        debug: '^4.1.1' },
40 silly resolved     engines: { node: '>=8.6.0' },
40 silly resolved     license: 'MIT',
40 silly resolved     scripts: { repl: 'node bin/repl.js', postinstall: 'node thank-you.js' },
40 silly resolved     gitHead: '36d3abcaa9f11ab0ae12c6f9862e472cb427ee16',
40 silly resolved     bugs: { url: 'https://github.com/serialport/node-serialport/issues' },
40 silly resolved     homepage: 'https://github.com/serialport/node-serialport#readme',
40 silly resolved     _id: 'serialport@9.0.0',
40 silly resolved     _nodeVersion: '14.2.0',
40 silly resolved     _npmVersion: 'lerna/3.18.3/node@v14.2.0+x64 (darwin)',
40 silly resolved     dist:
40 silly resolved      { integrity: 'sha512-4kQqIM0XhT6QECyzJtPdSsDWRFt8u3/vscQxb+z4TrAMiPDkDGBTLDaXmCxarXDa1s7EeK1IyxMce9wzWPFzAQ==',
40 silly resolved        shasum: '2721d618f5b12437be103f775e5173291c768dd5',
40 silly resolved        tarball: 'https://registry.npmjs.org/serialport/-/serialport-9.0.0.tgz',
40 silly resolved        fileCount: 8,
40 silly resolved        unpackedSize: 9704,
40 silly resolved        'npm-signature': '-----BEGIN PGP SIGNATURE-----\r\nVersion: OpenPGP.js v3.0.4\r\nComment: https://openpgpjs.org\r\n\r\nwsFcBAEBCAAQBQJet4+5CRA9TVsSAnZWagAAoXEP/0zuudVxdeWKG9q2mI3f\nMkNfVku5ZLvSrsU9dZPockSKwb1YfKjI6pxzbw2GKLCsLiILBtLpXLGOzO8a\nxITJhvkoEtqQpprivtPXv6JDeidqz1o3dn/1390jWN0/nGwFElVozaj/00Xn\nhx+c7rIAgx6Iz2TZX7kW4Bbi8D8pyFdDMaYJOnXQGm4nMD9mDUh0EpV83Kur\nixtaV55AeLSySAq70IagW0xoYl0E4OvAUio3u4hhMMGMb30S+QELmsAO1zvo\nKGoZzvk5OfOwnaHblwXGTF/xdxdULPXR4M7NKx5ZJIksNJtuPRTpivBVH5tC\nGjmKzbtu9+4n1kB1magR3jHKCTu+Ek5PnSchAm0kOqWeKCAB1QKL8BfQX2Jg\npg1WMLBhwjH53uCP/mZhOkfaz+hP5kYh96ymzPrC22i1ZwFhsj7uKRpLvU1z\n/dDDUgH8amgaQWEoSVXgcWmwpvRAbJZ1INPzHzFJ621KvQ4BJewX0MD/rvni\n7jkr81fJACeThBQfFBAZrTjDHXHb48NZXhKnpVoCLZiQzNybuEeSr/UYsb/F\noQm0nNXzhr+UlvLjCb0JKj6kLdLM1gGYXGZzlwiPdODYA7xInk+fnGVJGOFO\naU5uMeIQEaaHfhP4bE1AHrFGAmSlYmrb3SWQTSVvYkFwVY9p3TDJfINM6Ayl\n4iA2\r\n=UyVE\r\n-----END PGP SIGNATURE-----\r\n' },
40 silly resolved     _npmUser: { name: 'reconbot', email: 'wizard@roborooter.com' },
40 silly resolved     directories: {},
40 silly resolved     _npmOperationalInternal:
40 silly resolved      { host: 's3://npm-registry-packages',
40 silly resolved        tmp: 'tmp/serialport_9.0.0_1589088184802_0.027436683548691443' },
40 silly resolved     _hasShrinkwrap: false,
40 silly resolved     _shasum: '2721d618f5b12437be103f775e5173291c768dd5',
40 silly resolved     _from: 'serialport@^9.0.0',
40 silly resolved     _resolved: 'https://registry.npmjs.org/serialport/-/serialport-9.0.0.tgz',
40 silly resolved     readme: 'ERROR: No README data found!' } ]
41 info install serialport@9.0.0 into /home/pi/RollAShade/Node/SerialPort
42 info installOne serialport@9.0.0
43 verbose node_modules/serialport unbuild
44 verbose tar unpack /home/pi/.npm/serialport/9.0.0/package.tgz
45 silly lockFile 738a7a75-rialPort-node-modules-serialport tar:///home/pi/RollAShade/Node/SerialPort/node_modules/serialport
46 verbose lock tar:///home/pi/RollAShade/Node/SerialPort/node_modules/serialport /home/pi/.npm/738a7a75-rialPort-node-modules-serialport.lock
47 silly lockFile 069a08eb-npm-serialport-9-0-0-package-tgz tar:///home/pi/.npm/serialport/9.0.0/package.tgz
48 verbose lock tar:///home/pi/.npm/serialport/9.0.0/package.tgz /home/pi/.npm/069a08eb-npm-serialport-9-0-0-package-tgz.lock
49 silly gunzTarPerm modes [ '755', '644' ]
50 silly gunzTarPerm extractEntry LICENSE
51 silly gunzTarPerm extractEntry lib/index.js
52 silly gunzTarPerm extractEntry lib/parsers.js
53 silly gunzTarPerm extractEntry test.js
54 silly gunzTarPerm extractEntry thank-you.js
55 silly gunzTarPerm extractEntry package.json
56 silly gunzTarPerm extractEntry CHANGELOG.md
57 silly gunzTarPerm extractEntry README.md
58 silly lockFile 738a7a75-rialPort-node-modules-serialport tar:///home/pi/RollAShade/Node/SerialPort/node_modules/serialport
59 silly lockFile 738a7a75-rialPort-node-modules-serialport tar:///home/pi/RollAShade/Node/SerialPort/node_modules/serialport
60 silly lockFile 069a08eb-npm-serialport-9-0-0-package-tgz tar:///home/pi/.npm/serialport/9.0.0/package.tgz
61 silly lockFile 069a08eb-npm-serialport-9-0-0-package-tgz tar:///home/pi/.npm/serialport/9.0.0/package.tgz
62 info preinstall serialport@9.0.0
63 verbose readDependencies using package.json deps
64 verbose readDependencies using package.json deps
65 verbose cache add [ '@serialport/parser-cctalk@^9.0.0', null ]
66 verbose cache add name=undefined spec="@serialport/parser-cctalk@^9.0.0" args=["@serialport/parser-cctalk@^9.0.0",null]
67 verbose parsed url Url {
67 verbose parsed url   protocol: null,
67 verbose parsed url   slashes: null,
67 verbose parsed url   auth: null,
67 verbose parsed url   host: null,
67 verbose parsed url   port: null,
67 verbose parsed url   hostname: null,
67 verbose parsed url   hash: null,
67 verbose parsed url   search: null,
67 verbose parsed url   query: null,
67 verbose parsed url   pathname: '@serialport/parser-cctalk@%5E9.0.0',
67 verbose parsed url   path: '@serialport/parser-cctalk@%5E9.0.0',
67 verbose parsed url   href: '@serialport/parser-cctalk@%5E9.0.0' }
68 verbose cache add [ '@serialport/parser-delimiter@^9.0.0', null ]
69 verbose cache add name=undefined spec="@serialport/parser-delimiter@^9.0.0" args=["@serialport/parser-delimiter@^9.0.0",null]
70 verbose parsed url Url {
70 verbose parsed url   protocol: null,
70 verbose parsed url   slashes: null,
70 verbose parsed url   auth: null,
70 verbose parsed url   host: null,
70 verbose parsed url   port: null,
70 verbose parsed url   hostname: null,
70 verbose parsed url   hash: null,
70 verbose parsed url   search: null,
70 verbose parsed url   query: null,
70 verbose parsed url   pathname: '@serialport/parser-delimiter@%5E9.0.0',
70 verbose parsed url   path: '@serialport/parser-delimiter@%5E9.0.0',
70 verbose parsed url   href: '@serialport/parser-delimiter@%5E9.0.0' }
71 verbose cache add [ '@serialport/parser-readline@^9.0.0', null ]
72 verbose cache add name=undefined spec="@serialport/parser-readline@^9.0.0" args=["@serialport/parser-readline@^9.0.0",null]
73 verbose parsed url Url {
73 verbose parsed url   protocol: null,
73 verbose parsed url   slashes: null,
73 verbose parsed url   auth: null,
73 verbose parsed url   host: null,
73 verbose parsed url   port: null,
73 verbose parsed url   hostname: null,
73 verbose parsed url   hash: null,
73 verbose parsed url   search: null,
73 verbose parsed url   query: null,
73 verbose parsed url   pathname: '@serialport/parser-readline@%5E9.0.0',
73 verbose parsed url   path: '@serialport/parser-readline@%5E9.0.0',
73 verbose parsed url   href: '@serialport/parser-readline@%5E9.0.0' }
74 verbose cache add [ '@serialport/parser-ready@^9.0.0', null ]
75 verbose cache add name=undefined spec="@serialport/parser-ready@^9.0.0" args=["@serialport/parser-ready@^9.0.0",null]
76 verbose parsed url Url {
76 verbose parsed url   protocol: null,
76 verbose parsed url   slashes: null,
76 verbose parsed url   auth: null,
76 verbose parsed url   host: null,
76 verbose parsed url   port: null,
76 verbose parsed url   hostname: null,
76 verbose parsed url   hash: null,
76 verbose parsed url   search: null,
76 verbose parsed url   query: null,
76 verbose parsed url   pathname: '@serialport/parser-ready@%5E9.0.0',
76 verbose parsed url   path: '@serialport/parser-ready@%5E9.0.0',
76 verbose parsed url   href: '@serialport/parser-ready@%5E9.0.0' }
77 verbose cache add name="" spec="serialport/parser-cctalk@^9.0.0" args=["","serialport/parser-cctalk@^9.0.0"]
78 verbose parsed url Url {
78 verbose parsed url   protocol: null,
78 verbose parsed url   slashes: null,
78 verbose parsed url   auth: null,
78 verbose parsed url   host: null,
78 verbose parsed url   port: null,
78 verbose parsed url   hostname: null,
78 verbose parsed url   hash: null,
78 verbose parsed url   search: null,
78 verbose parsed url   query: null,
78 verbose parsed url   pathname: 'serialport/parser-cctalk@%5E9.0.0',
78 verbose parsed url   path: 'serialport/parser-cctalk@%5E9.0.0',
78 verbose parsed url   href: 'serialport/parser-cctalk@%5E9.0.0' }
79 verbose cache add name="" spec="serialport/parser-delimiter@^9.0.0" args=["","serialport/parser-delimiter@^9.0.0"]
80 verbose parsed url Url {
80 verbose parsed url   protocol: null,
80 verbose parsed url   slashes: null,
80 verbose parsed url   auth: null,
80 verbose parsed url   host: null,
80 verbose parsed url   port: null,
80 verbose parsed url   hostname: null,
80 verbose parsed url   hash: null,
80 verbose parsed url   search: null,
80 verbose parsed url   query: null,
80 verbose parsed url   pathname: 'serialport/parser-delimiter@%5E9.0.0',
80 verbose parsed url   path: 'serialport/parser-delimiter@%5E9.0.0',
80 verbose parsed url   href: 'serialport/parser-delimiter@%5E9.0.0' }
81 verbose cache add name="" spec="serialport/parser-readline@^9.0.0" args=["","serialport/parser-readline@^9.0.0"]
82 verbose parsed url Url {
82 verbose parsed url   protocol: null,
82 verbose parsed url   slashes: null,
82 verbose parsed url   auth: null,
82 verbose parsed url   host: null,
82 verbose parsed url   port: null,
82 verbose parsed url   hostname: null,
82 verbose parsed url   hash: null,
82 verbose parsed url   search: null,
82 verbose parsed url   query: null,
82 verbose parsed url   pathname: 'serialport/parser-readline@%5E9.0.0',
82 verbose parsed url   path: 'serialport/parser-readline@%5E9.0.0',
82 verbose parsed url   href: 'serialport/parser-readline@%5E9.0.0' }
83 verbose cache add name="" spec="serialport/parser-ready@^9.0.0" args=["","serialport/parser-ready@^9.0.0"]
84 verbose parsed url Url {
84 verbose parsed url   protocol: null,
84 verbose parsed url   slashes: null,
84 verbose parsed url   auth: null,
84 verbose parsed url   host: null,
84 verbose parsed url   port: null,
84 verbose parsed url   hostname: null,
84 verbose parsed url   hash: null,
84 verbose parsed url   search: null,
84 verbose parsed url   query: null,
84 verbose parsed url   pathname: 'serialport/parser-ready@%5E9.0.0',
84 verbose parsed url   path: 'serialport/parser-ready@%5E9.0.0',
84 verbose parsed url   href: 'serialport/parser-ready@%5E9.0.0' }
85 verbose cache add [ '@serialport/parser-regex@^9.0.0', null ]
86 verbose cache add name=undefined spec="@serialport/parser-regex@^9.0.0" args=["@serialport/parser-regex@^9.0.0",null]
87 verbose parsed url Url {
87 verbose parsed url   protocol: null,
87 verbose parsed url   slashes: null,
87 verbose parsed url   auth: null,
87 verbose parsed url   host: null,
87 verbose parsed url   port: null,
87 verbose parsed url   hostname: null,
87 verbose parsed url   hash: null,
87 verbose parsed url   search: null,
87 verbose parsed url   query: null,
87 verbose parsed url   pathname: '@serialport/parser-regex@%5E9.0.0',
87 verbose parsed url   path: '@serialport/parser-regex@%5E9.0.0',
87 verbose parsed url   href: '@serialport/parser-regex@%5E9.0.0' }
88 verbose cache add [ '@serialport/stream@^9.0.0', null ]
89 verbose cache add name=undefined spec="@serialport/stream@^9.0.0" args=["@serialport/stream@^9.0.0",null]
90 verbose parsed url Url {
90 verbose parsed url   protocol: null,
90 verbose parsed url   slashes: null,
90 verbose parsed url   auth: null,
90 verbose parsed url   host: null,
90 verbose parsed url   port: null,
90 verbose parsed url   hostname: null,
90 verbose parsed url   hash: null,
90 verbose parsed url   search: null,
90 verbose parsed url   query: null,
90 verbose parsed url   pathname: '@serialport/stream@%5E9.0.0',
90 verbose parsed url   path: '@serialport/stream@%5E9.0.0',
90 verbose parsed url   href: '@serialport/stream@%5E9.0.0' }
91 verbose cache add [ 'debug@^4.1.1', null ]
92 verbose cache add name=undefined spec="debug@^4.1.1" args=["debug@^4.1.1",null]
93 verbose parsed url Url {
93 verbose parsed url   protocol: null,
93 verbose parsed url   slashes: null,
93 verbose parsed url   auth: null,
93 verbose parsed url   host: null,
93 verbose parsed url   port: null,
93 verbose parsed url   hostname: null,
93 verbose parsed url   hash: null,
93 verbose parsed url   search: null,
93 verbose parsed url   query: null,
93 verbose parsed url   pathname: 'debug@%5E4.1.1',
93 verbose parsed url   path: 'debug@%5E4.1.1',
93 verbose parsed url   href: 'debug@%5E4.1.1' }
94 verbose cache add [ '@serialport/binding-mock@^9.0.0', null ]
95 verbose cache add name=undefined spec="@serialport/binding-mock@^9.0.0" args=["@serialport/binding-mock@^9.0.0",null]
96 verbose parsed url Url {
96 verbose parsed url   protocol: null,
96 verbose parsed url   slashes: null,
96 verbose parsed url   auth: null,
96 verbose parsed url   host: null,
96 verbose parsed url   port: null,
96 verbose parsed url   hostname: null,
96 verbose parsed url   hash: null,
96 verbose parsed url   search: null,
96 verbose parsed url   query: null,
96 verbose parsed url   pathname: '@serialport/binding-mock@%5E9.0.0',
96 verbose parsed url   path: '@serialport/binding-mock@%5E9.0.0',
96 verbose parsed url   href: '@serialport/binding-mock@%5E9.0.0' }
97 verbose cache add name="serialport/parser-cctalk" spec="^9.0.0" args=["serialport/parser-cctalk","^9.0.0"]
98 verbose parsed url Url {
98 verbose parsed url   protocol: null,
98 verbose parsed url   slashes: null,
98 verbose parsed url   auth: null,
98 verbose parsed url   host: null,
98 verbose parsed url   port: null,
98 verbose parsed url   hostname: null,
98 verbose parsed url   hash: null,
98 verbose parsed url   search: null,
98 verbose parsed url   query: null,
98 verbose parsed url   pathname: '%5E9.0.0',
98 verbose parsed url   path: '%5E9.0.0',
98 verbose parsed url   href: '%5E9.0.0' }
99 verbose addNamed [ 'serialport/parser-cctalk', '^9.0.0' ]
100 verbose addNamed [ null, '>=9.0.0 <10.0.0' ]
101 silly lockFile 6c9391c4-serialport-parser-cctalk-9-0-0 serialport/parser-cctalk@^9.0.0
102 verbose lock serialport/parser-cctalk@^9.0.0 /home/pi/.npm/6c9391c4-serialport-parser-cctalk-9-0-0.lock
103 verbose cache add name="serialport/parser-delimiter" spec="^9.0.0" args=["serialport/parser-delimiter","^9.0.0"]
104 verbose parsed url Url {
104 verbose parsed url   protocol: null,
104 verbose parsed url   slashes: null,
104 verbose parsed url   auth: null,
104 verbose parsed url   host: null,
104 verbose parsed url   port: null,
104 verbose parsed url   hostname: null,
104 verbose parsed url   hash: null,
104 verbose parsed url   search: null,
104 verbose parsed url   query: null,
104 verbose parsed url   pathname: '%5E9.0.0',
104 verbose parsed url   path: '%5E9.0.0',
104 verbose parsed url   href: '%5E9.0.0' }
105 verbose addNamed [ 'serialport/parser-delimiter', '^9.0.0' ]
106 verbose addNamed [ null, '>=9.0.0 <10.0.0' ]
107 silly lockFile f7307fba-erialport-parser-delimiter-9-0-0 serialport/parser-delimiter@^9.0.0
108 verbose lock serialport/parser-delimiter@^9.0.0 /home/pi/.npm/f7307fba-erialport-parser-delimiter-9-0-0.lock
109 verbose cache add name="serialport/parser-readline" spec="^9.0.0" args=["serialport/parser-readline","^9.0.0"]
110 verbose parsed url Url {
110 verbose parsed url   protocol: null,
110 verbose parsed url   slashes: null,
110 verbose parsed url   auth: null,
110 verbose parsed url   host: null,
110 verbose parsed url   port: null,
110 verbose parsed url   hostname: null,
110 verbose parsed url   hash: null,
110 verbose parsed url   search: null,
110 verbose parsed url   query: null,
110 verbose parsed url   pathname: '%5E9.0.0',
110 verbose parsed url   path: '%5E9.0.0',
110 verbose parsed url   href: '%5E9.0.0' }
111 verbose addNamed [ 'serialport/parser-readline', '^9.0.0' ]
112 verbose addNamed [ null, '>=9.0.0 <10.0.0' ]
113 silly lockFile b5f88915-serialport-parser-readline-9-0-0 serialport/parser-readline@^9.0.0
114 verbose lock serialport/parser-readline@^9.0.0 /home/pi/.npm/b5f88915-serialport-parser-readline-9-0-0.lock
115 verbose cache add name="serialport/parser-ready" spec="^9.0.0" args=["serialport/parser-ready","^9.0.0"]
116 verbose parsed url Url {
116 verbose parsed url   protocol: null,
116 verbose parsed url   slashes: null,
116 verbose parsed url   auth: null,
116 verbose parsed url   host: null,
116 verbose parsed url   port: null,
116 verbose parsed url   hostname: null,
116 verbose parsed url   hash: null,
116 verbose parsed url   search: null,
116 verbose parsed url   query: null,
116 verbose parsed url   pathname: '%5E9.0.0',
116 verbose parsed url   path: '%5E9.0.0',
116 verbose parsed url   href: '%5E9.0.0' }
117 verbose addNamed [ 'serialport/parser-ready', '^9.0.0' ]
118 verbose addNamed [ null, '>=9.0.0 <10.0.0' ]
119 silly lockFile df8b0a04-serialport-parser-ready-9-0-0 serialport/parser-ready@^9.0.0
120 verbose lock serialport/parser-ready@^9.0.0 /home/pi/.npm/df8b0a04-serialport-parser-ready-9-0-0.lock
121 verbose cache add name="" spec="serialport/parser-regex@^9.0.0" args=["","serialport/parser-regex@^9.0.0"]
122 verbose parsed url Url {
122 verbose parsed url   protocol: null,
122 verbose parsed url   slashes: null,
122 verbose parsed url   auth: null,
122 verbose parsed url   host: null,
122 verbose parsed url   port: null,
122 verbose parsed url   hostname: null,
122 verbose parsed url   hash: null,
122 verbose parsed url   search: null,
122 verbose parsed url   query: null,
122 verbose parsed url   pathname: 'serialport/parser-regex@%5E9.0.0',
122 verbose parsed url   path: 'serialport/parser-regex@%5E9.0.0',
122 verbose parsed url   href: 'serialport/parser-regex@%5E9.0.0' }
123 verbose cache add name="" spec="serialport/stream@^9.0.0" args=["","serialport/stream@^9.0.0"]
124 verbose parsed url Url {
124 verbose parsed url   protocol: null,
124 verbose parsed url   slashes: null,
124 verbose parsed url   auth: null,
124 verbose parsed url   host: null,
124 verbose parsed url   port: null,
124 verbose parsed url   hostname: null,
124 verbose parsed url   hash: null,
124 verbose parsed url   search: null,
124 verbose parsed url   query: null,
124 verbose parsed url   pathname: 'serialport/stream@%5E9.0.0',
124 verbose parsed url   path: 'serialport/stream@%5E9.0.0',
124 verbose parsed url   href: 'serialport/stream@%5E9.0.0' }
125 verbose cache add name="debug" spec="^4.1.1" args=["debug","^4.1.1"]
126 verbose parsed url Url {
126 verbose parsed url   protocol: null,
126 verbose parsed url   slashes: null,
126 verbose parsed url   auth: null,
126 verbose parsed url   host: null,
126 verbose parsed url   port: null,
126 verbose parsed url   hostname: null,
126 verbose parsed url   hash: null,
126 verbose parsed url   search: null,
126 verbose parsed url   query: null,
126 verbose parsed url   pathname: '%5E4.1.1',
126 verbose parsed url   path: '%5E4.1.1',
126 verbose parsed url   href: '%5E4.1.1' }
127 verbose addNamed [ 'debug', '^4.1.1' ]
128 verbose addNamed [ null, '>=4.1.1 <5.0.0' ]
129 silly lockFile a9221a8c-debug-4-1-1 debug@^4.1.1
130 verbose lock debug@^4.1.1 /home/pi/.npm/a9221a8c-debug-4-1-1.lock
131 verbose cache add name="" spec="serialport/binding-mock@^9.0.0" args=["","serialport/binding-mock@^9.0.0"]
132 verbose parsed url Url {
132 verbose parsed url   protocol: null,
132 verbose parsed url   slashes: null,
132 verbose parsed url   auth: null,
132 verbose parsed url   host: null,
132 verbose parsed url   port: null,
132 verbose parsed url   hostname: null,
132 verbose parsed url   hash: null,
132 verbose parsed url   search: null,
132 verbose parsed url   query: null,
132 verbose parsed url   pathname: 'serialport/binding-mock@%5E9.0.0',
132 verbose parsed url   path: 'serialport/binding-mock@%5E9.0.0',
132 verbose parsed url   href: 'serialport/binding-mock@%5E9.0.0' }
133 verbose cache add [ '@serialport/bindings@^9.0.0', null ]
134 verbose cache add name=undefined spec="@serialport/bindings@^9.0.0" args=["@serialport/bindings@^9.0.0",null]
135 verbose parsed url Url {
135 verbose parsed url   protocol: null,
135 verbose parsed url   slashes: null,
135 verbose parsed url   auth: null,
135 verbose parsed url   host: null,
135 verbose parsed url   port: null,
135 verbose parsed url   hostname: null,
135 verbose parsed url   hash: null,
135 verbose parsed url   search: null,
135 verbose parsed url   query: null,
135 verbose parsed url   pathname: '@serialport/bindings@%5E9.0.0',
135 verbose parsed url   path: '@serialport/bindings@%5E9.0.0',
135 verbose parsed url   href: '@serialport/bindings@%5E9.0.0' }
136 verbose cache add [ '@serialport/parser-byte-length@^9.0.0', null ]
137 verbose cache add name=undefined spec="@serialport/parser-byte-length@^9.0.0" args=["@serialport/parser-byte-length@^9.0.0",null]
138 verbose parsed url Url {
138 verbose parsed url   protocol: null,
138 verbose parsed url   slashes: null,
138 verbose parsed url   auth: null,
138 verbose parsed url   host: null,
138 verbose parsed url   port: null,
138 verbose parsed url   hostname: null,
138 verbose parsed url   hash: null,
138 verbose parsed url   search: null,
138 verbose parsed url   query: null,
138 verbose parsed url   pathname: '@serialport/parser-byte-length@%5E9.0.0',
138 verbose parsed url   path: '@serialport/parser-byte-length@%5E9.0.0',
138 verbose parsed url   href: '@serialport/parser-byte-length@%5E9.0.0' }
139 verbose cache add name="serialport/parser-regex" spec="^9.0.0" args=["serialport/parser-regex","^9.0.0"]
140 verbose parsed url Url {
140 verbose parsed url   protocol: null,
140 verbose parsed url   slashes: null,
140 verbose parsed url   auth: null,
140 verbose parsed url   host: null,
140 verbose parsed url   port: null,
140 verbose parsed url   hostname: null,
140 verbose parsed url   hash: null,
140 verbose parsed url   search: null,
140 verbose parsed url   query: null,
140 verbose parsed url   pathname: '%5E9.0.0',
140 verbose parsed url   path: '%5E9.0.0',
140 verbose parsed url   href: '%5E9.0.0' }
141 verbose addNamed [ 'serialport/parser-regex', '^9.0.0' ]
142 verbose addNamed [ null, '>=9.0.0 <10.0.0' ]
143 silly lockFile 961d233c-serialport-parser-regex-9-0-0 serialport/parser-regex@^9.0.0
144 verbose lock serialport/parser-regex@^9.0.0 /home/pi/.npm/961d233c-serialport-parser-regex-9-0-0.lock
145 verbose cache add name="serialport/stream" spec="^9.0.0" args=["serialport/stream","^9.0.0"]
146 verbose parsed url Url {
146 verbose parsed url   protocol: null,
146 verbose parsed url   slashes: null,
146 verbose parsed url   auth: null,
146 verbose parsed url   host: null,
146 verbose parsed url   port: null,
146 verbose parsed url   hostname: null,
146 verbose parsed url   hash: null,
146 verbose parsed url   search: null,
146 verbose parsed url   query: null,
146 verbose parsed url   pathname: '%5E9.0.0',
146 verbose parsed url   path: '%5E9.0.0',
146 verbose parsed url   href: '%5E9.0.0' }
147 verbose addNamed [ 'serialport/stream', '^9.0.0' ]
148 verbose addNamed [ null, '>=9.0.0 <10.0.0' ]
149 silly lockFile e0a2bb89-serialport-stream-9-0-0 serialport/stream@^9.0.0
150 verbose lock serialport/stream@^9.0.0 /home/pi/.npm/e0a2bb89-serialport-stream-9-0-0.lock
151 verbose cache add name="serialport/binding-mock" spec="^9.0.0" args=["serialport/binding-mock","^9.0.0"]
152 verbose parsed url Url {
152 verbose parsed url   protocol: null,
152 verbose parsed url   slashes: null,
152 verbose parsed url   auth: null,
152 verbose parsed url   host: null,
152 verbose parsed url   port: null,
152 verbose parsed url   hostname: null,
152 verbose parsed url   hash: null,
152 verbose parsed url   search: null,
152 verbose parsed url   query: null,
152 verbose parsed url   pathname: '%5E9.0.0',
152 verbose parsed url   path: '%5E9.0.0',
152 verbose parsed url   href: '%5E9.0.0' }
153 verbose addNamed [ 'serialport/binding-mock', '^9.0.0' ]
154 verbose addNamed [ null, '>=9.0.0 <10.0.0' ]
155 silly lockFile 3c97ea4c-serialport-binding-mock-9-0-0 serialport/binding-mock@^9.0.0
156 verbose lock serialport/binding-mock@^9.0.0 /home/pi/.npm/3c97ea4c-serialport-binding-mock-9-0-0.lock
157 verbose cache add name="" spec="serialport/bindings@^9.0.0" args=["","serialport/bindings@^9.0.0"]
158 verbose parsed url Url {
158 verbose parsed url   protocol: null,
158 verbose parsed url   slashes: null,
158 verbose parsed url   auth: null,
158 verbose parsed url   host: null,
158 verbose parsed url   port: null,
158 verbose parsed url   hostname: null,
158 verbose parsed url   hash: null,
158 verbose parsed url   search: null,
158 verbose parsed url   query: null,
158 verbose parsed url   pathname: 'serialport/bindings@%5E9.0.0',
158 verbose parsed url   path: 'serialport/bindings@%5E9.0.0',
158 verbose parsed url   href: 'serialport/bindings@%5E9.0.0' }
159 verbose cache add name="" spec="serialport/parser-byte-length@^9.0.0" args=["","serialport/parser-byte-length@^9.0.0"]
160 verbose parsed url Url {
160 verbose parsed url   protocol: null,
160 verbose parsed url   slashes: null,
160 verbose parsed url   auth: null,
160 verbose parsed url   host: null,
160 verbose parsed url   port: null,
160 verbose parsed url   hostname: null,
160 verbose parsed url   hash: null,
160 verbose parsed url   search: null,
160 verbose parsed url   query: null,
160 verbose parsed url   pathname: 'serialport/parser-byte-length@%5E9.0.0',
160 verbose parsed url   path: 'serialport/parser-byte-length@%5E9.0.0',
160 verbose parsed url   href: 'serialport/parser-byte-length@%5E9.0.0' }
161 silly addNameRange { name: 'serialport/parser-cctalk',
161 silly addNameRange   range: '>=9.0.0 <10.0.0',
161 silly addNameRange   hasData: false }
162 silly addNameRange { name: 'serialport/parser-delimiter',
162 silly addNameRange   range: '>=9.0.0 <10.0.0',
162 silly addNameRange   hasData: false }
163 silly addNameRange { name: 'serialport/parser-readline',
163 silly addNameRange   range: '>=9.0.0 <10.0.0',
163 silly addNameRange   hasData: false }
164 silly addNameRange { name: 'serialport/parser-ready',
164 silly addNameRange   range: '>=9.0.0 <10.0.0',
164 silly addNameRange   hasData: false }
165 silly addNameRange { name: 'debug', range: '>=4.1.1 <5.0.0', hasData: false }
166 verbose cache add name="serialport/bindings" spec="^9.0.0" args=["serialport/bindings","^9.0.0"]
167 verbose parsed url Url {
167 verbose parsed url   protocol: null,
167 verbose parsed url   slashes: null,
167 verbose parsed url   auth: null,
167 verbose parsed url   host: null,
167 verbose parsed url   port: null,
167 verbose parsed url   hostname: null,
167 verbose parsed url   hash: null,
167 verbose parsed url   search: null,
167 verbose parsed url   query: null,
167 verbose parsed url   pathname: '%5E9.0.0',
167 verbose parsed url   path: '%5E9.0.0',
167 verbose parsed url   href: '%5E9.0.0' }
168 verbose addNamed [ 'serialport/bindings', '^9.0.0' ]
169 verbose addNamed [ null, '>=9.0.0 <10.0.0' ]
170 silly lockFile 74d024fe-serialport-bindings-9-0-0 serialport/bindings@^9.0.0
171 verbose lock serialport/bindings@^9.0.0 /home/pi/.npm/74d024fe-serialport-bindings-9-0-0.lock
172 verbose cache add name="serialport/parser-byte-length" spec="^9.0.0" args=["serialport/parser-byte-length","^9.0.0"]
173 verbose parsed url Url {
173 verbose parsed url   protocol: null,
173 verbose parsed url   slashes: null,
173 verbose parsed url   auth: null,
173 verbose parsed url   host: null,
173 verbose parsed url   port: null,
173 verbose parsed url   hostname: null,
173 verbose parsed url   hash: null,
173 verbose parsed url   search: null,
173 verbose parsed url   query: null,
173 verbose parsed url   pathname: '%5E9.0.0',
173 verbose parsed url   path: '%5E9.0.0',
173 verbose parsed url   href: '%5E9.0.0' }
174 verbose addNamed [ 'serialport/parser-byte-length', '^9.0.0' ]
175 verbose addNamed [ null, '>=9.0.0 <10.0.0' ]
176 silly lockFile ce585649-ialport-parser-byte-length-9-0-0 serialport/parser-byte-length@^9.0.0
177 verbose lock serialport/parser-byte-length@^9.0.0 /home/pi/.npm/ce585649-ialport-parser-byte-length-9-0-0.lock
178 silly addNameRange { name: 'serialport/parser-regex',
178 silly addNameRange   range: '>=9.0.0 <10.0.0',
178 silly addNameRange   hasData: false }
179 silly addNameRange { name: 'serialport/stream',
179 silly addNameRange   range: '>=9.0.0 <10.0.0',
179 silly addNameRange   hasData: false }
180 silly addNameRange { name: 'serialport/binding-mock',
180 silly addNameRange   range: '>=9.0.0 <10.0.0',
180 silly addNameRange   hasData: false }
181 silly addNameRange { name: 'serialport/bindings',
181 silly addNameRange   range: '>=9.0.0 <10.0.0',
181 silly addNameRange   hasData: false }
182 silly addNameRange { name: 'serialport/parser-byte-length',
182 silly addNameRange   range: '>=9.0.0 <10.0.0',
182 silly addNameRange   hasData: false }
183 verbose request where is /serialport/parser-cctalk
184 verbose request registry https://registry.npmjs.org/
185 verbose url raw /serialport/parser-cctalk
186 verbose url resolving [ 'https://registry.npmjs.org/', './serialport/parser-cctalk' ]
187 verbose url resolved https://registry.npmjs.org/serialport/parser-cctalk
188 verbose request where is https://registry.npmjs.org/serialport/parser-cctalk
189 info trying registry request attempt 1 at 16:57:32
190 http GET https://registry.npmjs.org/serialport/parser-cctalk
191 verbose request where is /serialport/parser-delimiter
192 verbose request registry https://registry.npmjs.org/
193 verbose url raw /serialport/parser-delimiter
194 verbose url resolving [ 'https://registry.npmjs.org/',
194 verbose url resolving   './serialport/parser-delimiter' ]
195 verbose url resolved https://registry.npmjs.org/serialport/parser-delimiter
196 verbose request where is https://registry.npmjs.org/serialport/parser-delimiter
197 info trying registry request attempt 1 at 16:57:32
198 http GET https://registry.npmjs.org/serialport/parser-delimiter
199 verbose request where is /serialport/parser-readline
200 verbose request registry https://registry.npmjs.org/
201 verbose url raw /serialport/parser-readline
202 verbose url resolving [ 'https://registry.npmjs.org/',
202 verbose url resolving   './serialport/parser-readline' ]
203 verbose url resolved https://registry.npmjs.org/serialport/parser-readline
204 verbose request where is https://registry.npmjs.org/serialport/parser-readline
205 info trying registry request attempt 1 at 16:57:32
206 http GET https://registry.npmjs.org/serialport/parser-readline
207 verbose request where is /serialport/parser-ready
208 verbose request registry https://registry.npmjs.org/
209 verbose url raw /serialport/parser-ready
210 verbose url resolving [ 'https://registry.npmjs.org/', './serialport/parser-ready' ]
211 verbose url resolved https://registry.npmjs.org/serialport/parser-ready
212 verbose request where is https://registry.npmjs.org/serialport/parser-ready
213 info trying registry request attempt 1 at 16:57:32
214 http GET https://registry.npmjs.org/serialport/parser-ready
215 verbose request where is /debug
216 verbose request registry https://registry.npmjs.org/
217 verbose url raw /debug
218 verbose url resolving [ 'https://registry.npmjs.org/', './debug' ]
219 verbose url resolved https://registry.npmjs.org/debug
220 verbose request where is https://registry.npmjs.org/debug
221 info trying registry request attempt 1 at 16:57:32
222 verbose etag W/"682ba37cc9406956ab0280ea33284028"
223 http GET https://registry.npmjs.org/debug
224 verbose request where is /serialport/parser-regex
225 verbose request registry https://registry.npmjs.org/
226 verbose url raw /serialport/parser-regex
227 verbose url resolving [ 'https://registry.npmjs.org/', './serialport/parser-regex' ]
228 verbose url resolved https://registry.npmjs.org/serialport/parser-regex
229 verbose request where is https://registry.npmjs.org/serialport/parser-regex
230 info trying registry request attempt 1 at 16:57:32
231 http GET https://registry.npmjs.org/serialport/parser-regex
232 verbose request where is /serialport/stream
233 verbose request registry https://registry.npmjs.org/
234 verbose url raw /serialport/stream
235 verbose url resolving [ 'https://registry.npmjs.org/', './serialport/stream' ]
236 verbose url resolved https://registry.npmjs.org/serialport/stream
237 verbose request where is https://registry.npmjs.org/serialport/stream
238 info trying registry request attempt 1 at 16:57:32
239 http GET https://registry.npmjs.org/serialport/stream
240 verbose request where is /serialport/binding-mock
241 verbose request registry https://registry.npmjs.org/
242 verbose url raw /serialport/binding-mock
243 verbose url resolving [ 'https://registry.npmjs.org/', './serialport/binding-mock' ]
244 verbose url resolved https://registry.npmjs.org/serialport/binding-mock
245 verbose request where is https://registry.npmjs.org/serialport/binding-mock
246 info trying registry request attempt 1 at 16:57:32
247 http GET https://registry.npmjs.org/serialport/binding-mock
248 verbose request where is /serialport/bindings
249 verbose request registry https://registry.npmjs.org/
250 verbose url raw /serialport/bindings
251 verbose url resolving [ 'https://registry.npmjs.org/', './serialport/bindings' ]
252 verbose url resolved https://registry.npmjs.org/serialport/bindings
253 verbose request where is https://registry.npmjs.org/serialport/bindings
254 info trying registry request attempt 1 at 16:57:32
255 http GET https://registry.npmjs.org/serialport/bindings
256 verbose request where is /serialport/parser-byte-length
257 verbose request registry https://registry.npmjs.org/
258 verbose url raw /serialport/parser-byte-length
259 verbose url resolving [ 'https://registry.npmjs.org/',
259 verbose url resolving   './serialport/parser-byte-length' ]
260 verbose url resolved https://registry.npmjs.org/serialport/parser-byte-length
261 verbose request where is https://registry.npmjs.org/serialport/parser-byte-length
262 info trying registry request attempt 1 at 16:57:32
263 http GET https://registry.npmjs.org/serialport/parser-byte-length
264 http 304 https://registry.npmjs.org/debug
265 silly registry.get cb [ 304,
265 silly registry.get   { date: 'Tue, 30 Jun 2020 16:57:32 GMT',
265 silly registry.get     connection: 'close',
265 silly registry.get     'set-cookie':
265 silly registry.get      [ '__cfduid=dee2efc1f846577ece2638f01b2c659d71593536252; expires=Thu, 30-Jul-20 16:57:32 GMT; path=/; domain=.npmjs.org; HttpOnly; SameSite=Lax' ],
265 silly registry.get     'cf-ray': '5ab96d4b5d26eb99-LAX',
265 silly registry.get     age: '1967',
265 silly registry.get     'cache-control': 'public, max-age=300',
265 silly registry.get     etag: '"682ba37cc9406956ab0280ea33284028"',
265 silly registry.get     'last-modified': 'Tue, 19 May 2020 09:51:31 GMT',
265 silly registry.get     vary: 'Accept-Encoding',
265 silly registry.get     'cf-cache-status': 'HIT',
265 silly registry.get     'cf-request-id': '03a7c2a31a0000eb9960b7d200000001',
265 silly registry.get     'expect-ct': 'max-age=604800, report-uri="https://report-uri.cloudflare.com/cdn-cgi/beacon/expect-ct"',
265 silly registry.get     server: 'cloudflare' } ]
266 verbose etag https://registry.npmjs.org/debug from cache
267 silly addNameRange number 2 { name: 'debug', range: '>=4.1.1 <5.0.0', hasData: true }
268 silly addNameRange versions [ 'debug',
268 silly addNameRange   [ '0.0.1',
268 silly addNameRange     '0.1.0',
268 silly addNameRange     '0.2.0',
268 silly addNameRange     '0.3.0',
268 silly addNameRange     '0.4.0',
268 silly addNameRange     '0.4.1',
268 silly addNameRange     '0.5.0',
268 silly addNameRange     '0.6.0',
268 silly addNameRange     '0.7.0',
268 silly addNameRange     '0.7.1',
268 silly addNameRange     '0.7.2',
268 silly addNameRange     '0.7.3',
268 silly addNameRange     '0.7.4',
268 silly addNameRange     '0.8.0',
268 silly addNameRange     '0.8.1',
268 silly addNameRange     '1.0.0',
268 silly addNameRange     '1.0.1',
268 silly addNameRange     '1.0.2',
268 silly addNameRange     '1.0.3',
268 silly addNameRange     '1.0.4',
268 silly addNameRange     '2.0.0',
268 silly addNameRange     '2.1.0',
268 silly addNameRange     '2.1.1',
268 silly addNameRange     '2.1.2',
268 silly addNameRange     '2.1.3',
268 silly addNameRange     '2.2.0',
268 silly addNameRange     '2.3.0',
268 silly addNameRange     '2.3.1',
268 silly addNameRange     '2.3.2',
268 silly addNameRange     '2.3.3',
268 silly addNameRange     '2.4.0',
268 silly addNameRange     '2.4.1',
268 silly addNameRange     '2.4.2',
268 silly addNameRange     '2.4.3',
268 silly addNameRange     '2.4.4',
268 silly addNameRange     '2.4.5',
268 silly addNameRange     '2.5.0',
268 silly addNameRange     '2.5.1',
268 silly addNameRange     '2.5.2',
268 silly addNameRange     '2.6.0',
268 silly addNameRange     '2.6.1',
268 silly addNameRange     '2.6.2',
268 silly addNameRange     '2.6.3',
268 silly addNameRange     '2.6.4',
268 silly addNameRange     '2.6.5',
268 silly addNameRange     '2.6.6',
268 silly addNameRange     '2.6.7',
268 silly addNameRange     '2.6.8',
268 silly addNameRange     '1.0.5',
268 silly addNameRange     '3.0.0',
268 silly addNameRange     '3.0.1',
268 silly addNameRange     '2.6.9',
268 silly addNameRange     '3.1.0',
268 silly addNameRange     '3.2.0',
268 silly addNameRange     '3.2.1',
268 silly addNameRange     '3.2.2',
268 silly addNameRange     '3.2.3',
268 silly addNameRange     '4.0.0',
268 silly addNameRange     '3.2.4',
268 silly addNameRange     '3.2.5',
268 silly addNameRange     '4.0.1',
268 silly addNameRange     '4.1.0',
268 silly addNameRange     '3.2.6',
268 silly addNameRange     '4.1.1',
268 silly addNameRange     '4.2.0' ] ]
269 verbose addNamed [ 'debug', '4.1.1' ]
270 verbose addNamed [ '4.1.1', '4.1.1' ]
271 silly lockFile cfdf5a13-debug-4-1-1 debug@4.1.1
272 verbose lock debug@4.1.1 /home/pi/.npm/cfdf5a13-debug-4-1-1.lock
273 silly lockFile cfdf5a13-debug-4-1-1 debug@4.1.1
274 silly lockFile cfdf5a13-debug-4-1-1 debug@4.1.1
275 silly lockFile a9221a8c-debug-4-1-1 debug@^4.1.1
276 silly lockFile a9221a8c-debug-4-1-1 debug@^4.1.1
277 http 405 https://registry.npmjs.org/serialport/parser-delimiter
278 silly registry.get cb [ 405,
278 silly registry.get   { date: 'Tue, 30 Jun 2020 16:57:32 GMT',
278 silly registry.get     'content-type': 'application/json',
278 silly registry.get     'content-length': '63',
278 silly registry.get     connection: 'close',
278 silly registry.get     'set-cookie':
278 silly registry.get      [ '__cfduid=da5635409f872d5155296f1f77f8e9e331593536252; expires=Thu, 30-Jul-20 16:57:32 GMT; path=/; domain=.npmjs.org; HttpOnly; SameSite=Lax' ],
278 silly registry.get     'cf-ray': '5ab96d4b5ce8eb65-LAX',
278 silly registry.get     allow: 'PUT',
278 silly registry.get     'cf-cache-status': 'DYNAMIC',
278 silly registry.get     'cf-request-id': '03a7c2a3130000eb656080c200000001',
278 silly registry.get     'expect-ct': 'max-age=604800, report-uri="https://report-uri.cloudflare.com/cdn-cgi/beacon/expect-ct"',
278 silly registry.get     vary: 'Accept-Encoding',
278 silly registry.get     server: 'cloudflare' } ]
279 http 405 https://registry.npmjs.org/serialport/parser-byte-length
280 silly registry.get cb [ 405,
280 silly registry.get   { date: 'Tue, 30 Jun 2020 16:57:32 GMT',
280 silly registry.get     'content-type': 'application/json',
280 silly registry.get     'content-length': '63',
280 silly registry.get     connection: 'close',
280 silly registry.get     'set-cookie':
280 silly registry.get      [ '__cfduid=d814177c1fb65b713d4960b9688b464ce1593536252; expires=Thu, 30-Jul-20 16:57:32 GMT; path=/; domain=.npmjs.org; HttpOnly; SameSite=Lax' ],
280 silly registry.get     'cf-ray': '5ab96d4b6ee904cc-LAX',
280 silly registry.get     allow: 'PUT',
280 silly registry.get     'cf-cache-status': 'DYNAMIC',
280 silly registry.get     'cf-request-id': '03a7c2a323000004cc37138200000001',
280 silly registry.get     'expect-ct': 'max-age=604800, report-uri="https://report-uri.cloudflare.com/cdn-cgi/beacon/expect-ct"',
280 silly registry.get     vary: 'Accept-Encoding',
280 silly registry.get     server: 'cloudflare' } ]
281 http 405 https://registry.npmjs.org/serialport/bindings
282 silly registry.get cb [ 405,
282 silly registry.get   { date: 'Tue, 30 Jun 2020 16:57:32 GMT',
282 silly registry.get     'content-type': 'application/json',
282 silly registry.get     'content-length': '63',
282 silly registry.get     connection: 'close',
282 silly registry.get     'set-cookie':
282 silly registry.get      [ '__cfduid=d9be2482ddb62df1d59b23f40088f85b91593536252; expires=Thu, 30-Jul-20 16:57:32 GMT; path=/; domain=.npmjs.org; HttpOnly; SameSite=Lax' ],
282 silly registry.get     'cf-ray': '5ab96d4b6be4e512-LAX',
282 silly registry.get     allow: 'PUT',
282 silly registry.get     'cf-cache-status': 'DYNAMIC',
282 silly registry.get     'cf-request-id': '03a7c2a3200000e512289c9200000001',
282 silly registry.get     'expect-ct': 'max-age=604800, report-uri="https://report-uri.cloudflare.com/cdn-cgi/beacon/expect-ct"',
282 silly registry.get     vary: 'Accept-Encoding',
282 silly registry.get     server: 'cloudflare' } ]
283 http 405 https://registry.npmjs.org/serialport/parser-cctalk
284 silly registry.get cb [ 405,
284 silly registry.get   { date: 'Tue, 30 Jun 2020 16:57:32 GMT',
284 silly registry.get     'content-type': 'application/json',
284 silly registry.get     'content-length': '63',
284 silly registry.get     connection: 'close',
284 silly registry.get     'set-cookie':
284 silly registry.get      [ '__cfduid=dfc3e9cbf9ee6509f13c96521837ad7011593536252; expires=Thu, 30-Jul-20 16:57:32 GMT; path=/; domain=.npmjs.org; HttpOnly; SameSite=Lax' ],
284 silly registry.get     'cf-ray': '5ab96d4b5bdde7dd-LAX',
284 silly registry.get     allow: 'PUT',
284 silly registry.get     'cf-cache-status': 'DYNAMIC',
284 silly registry.get     'cf-request-id': '03a7c2a3130000e7dd3a8ff200000001',
284 silly registry.get     'expect-ct': 'max-age=604800, report-uri="https://report-uri.cloudflare.com/cdn-cgi/beacon/expect-ct"',
284 silly registry.get     vary: 'Accept-Encoding',
284 silly registry.get     server: 'cloudflare' } ]
285 http 405 https://registry.npmjs.org/serialport/parser-readline
286 silly registry.get cb [ 405,
286 silly registry.get   { date: 'Tue, 30 Jun 2020 16:57:32 GMT',
286 silly registry.get     'content-type': 'application/json',
286 silly registry.get     'content-length': '63',
286 silly registry.get     connection: 'close',
286 silly registry.get     'set-cookie':
286 silly registry.get      [ '__cfduid=d7d9bcfab455d2f16482cb152d798c0e81593536252; expires=Thu, 30-Jul-20 16:57:32 GMT; path=/; domain=.npmjs.org; HttpOnly; SameSite=Lax' ],
286 silly registry.get     'cf-ray': '5ab96d4b5c0ee821-LAX',
286 silly registry.get     allow: 'PUT',
286 silly registry.get     'cf-cache-status': 'DYNAMIC',
286 silly registry.get     'cf-request-id': '03a7c2a3150000e82135aa3200000001',
286 silly registry.get     'expect-ct': 'max-age=604800, report-uri="https://report-uri.cloudflare.com/cdn-cgi/beacon/expect-ct"',
286 silly registry.get     vary: 'Accept-Encoding',
286 silly registry.get     server: 'cloudflare' } ]
287 silly lockFile f7307fba-erialport-parser-delimiter-9-0-0 serialport/parser-delimiter@^9.0.0
288 silly lockFile f7307fba-erialport-parser-delimiter-9-0-0 serialport/parser-delimiter@^9.0.0
289 verbose about to build /home/pi/RollAShade/Node/SerialPort/node_modules/serialport
290 verbose node_modules/serialport unbuild
291 info preuninstall serialport@9.0.0
292 silly lockFile ce585649-ialport-parser-byte-length-9-0-0 serialport/parser-byte-length@^9.0.0
293 silly lockFile ce585649-ialport-parser-byte-length-9-0-0 serialport/parser-byte-length@^9.0.0
294 silly lockFile 74d024fe-serialport-bindings-9-0-0 serialport/bindings@^9.0.0
295 silly lockFile 74d024fe-serialport-bindings-9-0-0 serialport/bindings@^9.0.0
296 silly lockFile 6c9391c4-serialport-parser-cctalk-9-0-0 serialport/parser-cctalk@^9.0.0
297 silly lockFile 6c9391c4-serialport-parser-cctalk-9-0-0 serialport/parser-cctalk@^9.0.0
298 info uninstall serialport@9.0.0
299 silly lockFile b5f88915-serialport-parser-readline-9-0-0 serialport/parser-readline@^9.0.0
300 silly lockFile b5f88915-serialport-parser-readline-9-0-0 serialport/parser-readline@^9.0.0
301 verbose true,/home/pi/RollAShade/Node/SerialPort/node_modules,/home/pi/RollAShade/Node/SerialPort/node_modules unbuild serialport@9.0.0
302 info postuninstall serialport@9.0.0
303 http 405 https://registry.npmjs.org/serialport/stream
304 silly registry.get cb [ 405,
304 silly registry.get   { date: 'Tue, 30 Jun 2020 16:57:32 GMT',
304 silly registry.get     'content-type': 'application/json',
304 silly registry.get     'content-length': '63',
304 silly registry.get     connection: 'close',
304 silly registry.get     'set-cookie':
304 silly registry.get      [ '__cfduid=d2318f7837440ecfd4b1fbb552e1fc0411593536252; expires=Thu, 30-Jul-20 16:57:32 GMT; path=/; domain=.npmjs.org; HttpOnly; SameSite=Lax' ],
304 silly registry.get     'cf-ray': '5ab96d4b5fbb0599-LAX',
304 silly registry.get     allow: 'PUT',
304 silly registry.get     'cf-cache-status': 'DYNAMIC',
304 silly registry.get     'cf-request-id': '03a7c2a31b0000059961aa5200000001',
304 silly registry.get     'expect-ct': 'max-age=604800, report-uri="https://report-uri.cloudflare.com/cdn-cgi/beacon/expect-ct"',
304 silly registry.get     vary: 'Accept-Encoding',
304 silly registry.get     server: 'cloudflare' } ]
305 http 405 https://registry.npmjs.org/serialport/binding-mock
306 silly registry.get cb [ 405,
306 silly registry.get   { date: 'Tue, 30 Jun 2020 16:57:32 GMT',
306 silly registry.get     'content-type': 'application/json',
306 silly registry.get     'content-length': '63',
306 silly registry.get     connection: 'close',
306 silly registry.get     'set-cookie':
306 silly registry.get      [ '__cfduid=d8e26742b8593fad8b49ea33b9e6cd32d1593536252; expires=Thu, 30-Jul-20 16:57:32 GMT; path=/; domain=.npmjs.org; HttpOnly; SameSite=Lax' ],
306 silly registry.get     'cf-ray': '5ab96d4b6f95e81d-LAX',
306 silly registry.get     allow: 'PUT',
306 silly registry.get     'cf-cache-status': 'DYNAMIC',
306 silly registry.get     'cf-request-id': '03a7c2a31e0000e81d5a9b8200000001',
306 silly registry.get     'expect-ct': 'max-age=604800, report-uri="https://report-uri.cloudflare.com/cdn-cgi/beacon/expect-ct"',
306 silly registry.get     vary: 'Accept-Encoding',
306 silly registry.get     server: 'cloudflare' } ]
307 http 405 https://registry.npmjs.org/serialport/parser-ready
308 silly registry.get cb [ 405,
308 silly registry.get   { date: 'Tue, 30 Jun 2020 16:57:32 GMT',
308 silly registry.get     'content-type': 'application/json',
308 silly registry.get     'content-length': '63',
308 silly registry.get     connection: 'close',
308 silly registry.get     'set-cookie':
308 silly registry.get      [ '__cfduid=da1afcce8033e77a8a84f5b9c129763d01593536252; expires=Thu, 30-Jul-20 16:57:32 GMT; path=/; domain=.npmjs.org; HttpOnly; SameSite=Lax' ],
308 silly registry.get     'cf-ray': '5ab96d4b5ab3e7e9-LAX',
308 silly registry.get     allow: 'PUT',
308 silly registry.get     'cf-cache-status': 'DYNAMIC',
308 silly registry.get     'cf-request-id': '03a7c2a3140000e7e961088200000001',
308 silly registry.get     'expect-ct': 'max-age=604800, report-uri="https://report-uri.cloudflare.com/cdn-cgi/beacon/expect-ct"',
308 silly registry.get     vary: 'Accept-Encoding',
308 silly registry.get     server: 'cloudflare' } ]
309 error Error: Method Not Allowed
309 error     at errorResponse (/usr/share/npm/lib/cache/add-named.js:260:10)
309 error     at /usr/share/npm/lib/cache/add-named.js:203:12
309 error     at saved (/usr/share/npm/node_modules/npm-registry-client/lib/get.js:167:7)
309 error     at FSReqWrap.oncomplete (fs.js:135:15)
310 error If you need help, you may report this *entire* log,
310 error including the npm and node versions, at:
310 error     <http://github.com/npm/npm/issues>
311 error System Linux 4.19.66-v7+
312 error command "/usr/bin/node" "/usr/bin/npm" "i" "serialport"
313 error cwd /home/pi/RollAShade/Node/SerialPort
314 error node -v v8.11.1
315 error npm -v 1.4.21
316 error code E405
317 verbose exit [ 1, true ]
